<?xml version="1.0" encoding="UTF-8"?>
<!-- Generated by org.testng.reporters.JUnitReportReporter -->
<testsuite hostname="DESKTOP-VJ6R788" failures="0" tests="2" name="com.testcases.LoginTest" time="19.878" errors="0" timestamp="2023-05-19T14:48:29 IST" skipped="0">
  <testcase classname="com.testcases.LoginTest" name="loginTitleTest" time="8.322"/>
  <system-out/>
  <testcase classname="com.testcases.LoginTest" name="loginTest" time="11.556"/>
  <system-out/>
</testsuite> <!-- com.testcases.LoginTest -->
