<?xml version="1.0" encoding="UTF-8"?>
<!-- Generated by org.testng.reporters.JUnitReportReporter -->
<testsuite hostname="DESKTOP-VJ6R788" failures="0" tests="2" name="com.testcases.LoginTest" time="20.388" errors="0" timestamp="2023-05-18T21:39:34 IST" skipped="0">
  <testcase classname="com.testcases.LoginTest" name="loginTitleTest" time="11.803"/>
  <system-out/>
  <testcase classname="com.testcases.LoginTest" name="loginTest" time="8.585"/>
  <system-out/>
</testsuite> <!-- com.testcases.LoginTest -->
