<?xml version="1.0" encoding="UTF-8"?>
<!-- Generated by org.testng.reporters.JUnitReportReporter -->
<testsuite hostname="DESKTOP-VJ6R788" failures="0" tests="1" name="com.testcases.UsersTest" time="13.224" errors="0" timestamp="2023-05-18T21:39:34 IST" skipped="0">
  <testcase classname="com.testcases.UsersTest" name="verifyUsersPageTitleTest" time="13.224"/>
  <system-out/>
</testsuite> <!-- com.testcases.UsersTest -->
