<?xml version="1.0" encoding="UTF-8"?>
<!-- Generated by org.testng.reporters.JUnitReportReporter -->
<testsuite hostname="DESKTOP-VJ6R788" failures="0" tests="7" name="com.testcases.HomeTest" time="110.192" errors="0" timestamp="2023-05-18T21:39:34 IST" skipped="0">
  <testcase classname="com.testcases.HomeTest" name="verifyPageTitleTest" time="8.381"/>
  <system-out/>
  <testcase classname="com.testcases.HomeTest" name="verifyUserNameTest" time="13.397"/>
  <system-out/>
  <testcase classname="com.testcases.HomeTest" name="verifyTasksLinkTest" time="14.597"/>
  <system-out/>
  <testcase classname="com.testcases.HomeTest" name="verifyReportsLinkTest" time="16.480"/>
  <system-out/>
  <testcase classname="com.testcases.HomeTest" name="verifyUsersLinkTest" time="15.039"/>
  <system-out/>
  <testcase classname="com.testcases.HomeTest" name="verifyScheduleLinkTest" time="27.018"/>
  <system-out/>
  <testcase classname="com.testcases.HomeTest" name="clickOnApproveTimeTrackLinkTest" time="15.280"/>
  <system-out/>
</testsuite> <!-- com.testcases.HomeTest -->
