<?xml version="1.0" encoding="UTF-8"?>
<!-- Generated by org.testng.reporters.JUnitReportReporter -->
<testsuite hostname="DESKTOP-VJ6R788" failures="0" tests="7" name="com.testcases.HomeTest" time="107.037" errors="0" timestamp="2023-05-19T14:48:29 IST" skipped="0">
  <testcase classname="com.testcases.HomeTest" name="verifyPageTitleTest" time="8.956"/>
  <system-out/>
  <testcase classname="com.testcases.HomeTest" name="verifyUserNameTest" time="12.267"/>
  <system-out/>
  <testcase classname="com.testcases.HomeTest" name="verifyTasksLinkTest" time="15.255"/>
  <system-out/>
  <testcase classname="com.testcases.HomeTest" name="verifyReportsLinkTest" time="17.238"/>
  <system-out/>
  <testcase classname="com.testcases.HomeTest" name="verifyUsersLinkTest" time="16.721"/>
  <system-out/>
  <testcase classname="com.testcases.HomeTest" name="verifyScheduleLinkTest" time="21.146"/>
  <system-out/>
  <testcase classname="com.testcases.HomeTest" name="clickOnApproveTimeTrackLinkTest" time="15.454"/>
  <system-out/>
</testsuite> <!-- com.testcases.HomeTest -->
